<?xml version="1.0" encoding="UTF-8"?>
<!-- Generated by org.testng.reporters.JUnitReportReporter -->
<testsuite hostname="DESKTOP-6PJI7PQ" failures="0" tests="3" name="test.TestClass_1" time="0.023" errors="0" timestamp="2024-09-27T17:36:51 IST" skipped="0">
  <testcase classname="test.TestClass_1" name="test_C" time="0.006"/>
  <system-out/>
  <testcase classname="test.TestClass_1" name="test_A" time="0.014"/>
  <system-out/>
  <testcase classname="test.TestClass_1" name="test_B" time="0.003"/>
  <system-out/>
</testsuite> <!-- test.TestClass_1 -->
