<?xml version="1.0" encoding="UTF-8"?>
<!-- Generated by org.testng.reporters.JUnitReportReporter -->
<testsuite hostname="DESKTOP-6PJI7PQ" failures="0" tests="2" name="test.Amazon" time="112.694" errors="0" timestamp="2024-10-16T01:56:35 IST" skipped="0">
  <testcase classname="test.Amazon" name="test_A" time="57.332"/>
  <system-out/>
  <testcase classname="test.Amazon" name="test_A" time="55.362"/>
  <system-out/>
</testsuite> <!-- test.Amazon -->
