<?xml version="1.0" encoding="UTF-8"?>
<!-- Generated by org.testng.reporters.JUnitReportReporter -->
<testsuite hostname="DESKTOP-6PJI7PQ" failures="0" tests="4" name="test.Test_1" time="0.014" errors="0" timestamp="2024-09-29T19:39:07 IST" skipped="0">
  <testcase classname="test.Test_1" name="test_D" time="0.008"/>
  <system-out/>
  <testcase classname="test.Test_1" name="test_C" time="0.003"/>
  <system-out/>
  <testcase classname="test.Test_1" name="test_B" time="0.001"/>
  <system-out/>
  <testcase classname="test.Test_1" name="test_A" time="0.002"/>
  <system-out/>
</testsuite> <!-- test.Test_1 -->
