<?xml version="1.0" encoding="UTF-8"?>
<!-- Generated by org.testng.reporters.JUnitReportReporter -->
<testsuite hostname="DESKTOP-6PJI7PQ" failures="0" tests="1" name="test.FB_SignUp" time="11.862" errors="0" timestamp="2024-09-29T13:53:38 IST" skipped="0">
  <testcase classname="test.FB_SignUp" name="test_A" time="11.862"/>
  <system-out/>
</testsuite> <!-- test.FB_SignUp -->
