<?xml version="1.0" encoding="UTF-8"?>
<!-- Generated by org.testng.reporters.JUnitReportReporter -->
<testsuite hostname="DESKTOP-6PJI7PQ" failures="0" tests="4" name="test.Test_3" time="0.010" errors="0" timestamp="2024-10-11T01:19:07 IST" skipped="0">
  <testcase classname="test.Test_3" name="test_D" time="0.002"/>
  <system-out/>
  <testcase classname="test.Test_3" name="test_A" time="0.004"/>
  <system-out/>
  <testcase classname="test.Test_3" name="test_B" time="0.002"/>
  <system-out/>
  <testcase classname="test.Test_3" name="test_C" time="0.002"/>
  <system-out/>
</testsuite> <!-- test.Test_3 -->
