<?xml version="1.0" encoding="UTF-8"?>
<!-- Generated by org.testng.reporters.JUnitReportReporter -->
<testsuite hostname="DESKTOP-6PJI7PQ" failures="0" tests="1" name="test.FB_Login" time="9.499" errors="0" timestamp="2024-10-06T17:40:22 IST" skipped="0">
  <testcase classname="test.FB_Login" name="test_A" time="9.499"/>
  <system-out/>
</testsuite> <!-- test.FB_Login -->
